<?xml version="1.0" encoding="UTF-8"?>
<testsuite xmlns:xsi="http://www.w3.org/2001/XMLSchema-instance" xsi:noNamespaceSchemaLocation="https://maven.apache.org/surefire/maven-surefire-plugin/xsd/surefire-test-report-3.0.xsd" version="3.0" name="org.example.cliniccare1.ClinicCare1ApplicationTests" time="21.766" tests="1" errors="0" skipped="0" failures="0">
  <properties>
[...]
</properties>
  <testcase name="contextLoads" classname="org.example.cliniccare1.ClinicCare1ApplicationTests" time="0.551">
    <system-out><![CDATA[22:40:38.239 [main] INFO org.springframework.test.context.support.AnnotationConfigContextLoaderUtils -- Could not detect default configuration classes for test class [org.example.cliniccare1.ClinicCare1ApplicationTests]: ClinicCare1ApplicationTests does not declare any static, non-private, non-final, nested classes annotated with @Configuration.
22:40:38.358 [main] INFO org.springframework.boot.test.context.SpringBootTestContextBootstrapper -- Found @SpringBootConfiguration org.example.cliniccare1.ClinicCare1Application for test class org.example.cliniccare1.ClinicCare1ApplicationTests
  .   ____          _            __ _ _
 /\\ / ___'_ __ _ _(_)_ __  __ _ \ \ \ \
( ( )\___ | '_ | '_| | '_ \/ _` | \ \ \ \
 \\/  ___)| |_)| | | | | || (_| |  ) ) ) )
  '  |____| .__|_| |_|_| |_\__, | / / / /
 =========|_|==============|___/=/_/_/_/

 :: Spring Boot ::                (v3.3.0)

2024-06-05T22:40:38.952+01:00  INFO 15256 --- [           main] o.e.c.ClinicCare1ApplicationTests        : Starting ClinicCare1ApplicationTests using Java 17.0.10 with PID 15256 (started by MiT in D:\3ls\Memoire\ClinicCare1)
2024-06-05T22:40:38.957+01:00  INFO 15256 --- [           main] o.e.c.ClinicCare1ApplicationTests        : No active profile set, falling back to 1 default profile: "default"
2024-06-05T22:40:40.246+01:00  INFO 15256 --- [           main] .s.d.r.c.RepositoryConfigurationDelegate : Bootstrapping Spring Data JPA repositories in DEFAULT mode.
2024-06-05T22:40:40.380+01:00  INFO 15256 --- [           main] .s.d.r.c.RepositoryConfigurationDelegate : Finished Spring Data repository scanning in 122 ms. Found 9 JPA repository interfaces.
2024-06-05T22:40:41.096+01:00  INFO 15256 --- [           main] o.hibernate.jpa.internal.util.LogHelper  : HHH000204: Processing PersistenceUnitInfo [name: default]
2024-06-05T22:40:41.203+01:00  INFO 15256 --- [           main] org.hibernate.Version                    : HHH000412: Hibernate ORM core version 6.5.2.Final
2024-06-05T22:40:41.282+01:00  INFO 15256 --- [           main] o.h.c.internal.RegionFactoryInitiator    : HHH000026: Second-level cache disabled
2024-06-05T22:40:41.772+01:00  INFO 15256 --- [           main] o.s.o.j.p.SpringPersistenceUnitInfo      : No LoadTimeWeaver setup: ignoring JPA class transformer
2024-06-05T22:40:41.811+01:00  INFO 15256 --- [           main] com.zaxxer.hikari.HikariDataSource       : HikariPool-1 - Starting...
2024-06-05T22:40:46.400+01:00  INFO 15256 --- [           main] com.zaxxer.hikari.pool.HikariPool        : HikariPool-1 - Added connection org.postgresql.jdbc.PgConnection@67e11bda
2024-06-05T22:40:46.403+01:00  INFO 15256 --- [           main] com.zaxxer.hikari.HikariDataSource       : HikariPool-1 - Start completed.
2024-06-05T22:40:46.753+01:00  WARN 15256 --- [           main] org.hibernate.orm.deprecation            : HHH90000025: PostgreSQLDialect does not need to be specified explicitly using 'hibernate.dialect' (remove the property setting and it will be selected by default)
2024-06-05T22:40:48.921+01:00  INFO 15256 --- [           main] o.h.e.t.j.p.i.JtaPlatformInitiator       : HHH000489: No JTA platform available (set 'hibernate.transaction.jta.platform' to enable JTA platform integration)
2024-06-05T22:40:49.861+01:00 DEBUG 15256 --- [           main] org.hibernate.SQL                        : create table clinics (clinic_id integer not null, address varchar(255), creation_date timestamp(6), description varchar(255), clinic_email varchar(255), name varchar(255), password varchar(255), place varchar(255), type varchar(255), primary key (clinic_id))
Hibernate: create table clinics (clinic_id integer not null, address varchar(255), creation_date timestamp(6), description varchar(255), clinic_email varchar(255), name varchar(255), password varchar(255), place varchar(255), type varchar(255), primary key (clinic_id))
2024-06-05T22:40:50.075+01:00 DEBUG 15256 --- [           main] org.hibernate.SQL                        : create table clinics_companies (clinic_id integer not null, company_id bigint not null)
Hibernate: create table clinics_companies (clinic_id integer not null, company_id bigint not null)
2024-06-05T22:40:50.279+01:00 DEBUG 15256 --- [           main] org.hibernate.SQL                        : create table clinics_profiles (profile_id bigint not null, user_id integer not null)
Hibernate: create table clinics_profiles (profile_id bigint not null, user_id integer not null)
2024-06-05T22:40:50.486+01:00 DEBUG 15256 --- [           main] org.hibernate.SQL                        : create table companies (company_id bigint not null, company_name varchar(255), company_type varchar(255), primary key (company_id))
Hibernate: create table companies (company_id bigint not null, company_name varchar(255), company_type varchar(255), primary key (company_id))
2024-06-05T22:40:50.699+01:00 DEBUG 15256 --- [           main] org.hibernate.SQL                        : create table medical_directories (md_id integer not null, blood_group varchar(255), congenital_conditions varchar(255), creation_date timestamp(6), maj_date timestamp(6), national_service varchar(255), prof_diseases_lpp float4, qualifications varchar(255), rhesus varchar(255), social_securiy_number integer, user_id bigint, primary key (md_id))
Hibernate: create table medical_directories (md_id integer not null, blood_group varchar(255), congenital_conditions varchar(255), creation_date timestamp(6), maj_date timestamp(6), national_service varchar(255), prof_diseases_lpp float4, qualifications varchar(255), rhesus varchar(255), social_securiy_number integer, user_id bigint, primary key (md_id))
2024-06-05T22:40:50.910+01:00 DEBUG 15256 --- [           main] org.hibernate.SQL                        : create table medical_files (mf_id bigint generated by default as identity, creation_date timestamp(6), maj_date timestamp(6), prescription varchar(255), user_id bigint, primary key (mf_id))
Hibernate: create table medical_files (mf_id bigint generated by default as identity, creation_date timestamp(6), maj_date timestamp(6), prescription varchar(255), user_id bigint, primary key (mf_id))
2024-06-05T22:40:51.168+01:00 DEBUG 15256 --- [           main] org.hibernate.SQL                        : create table medical_visit_appointments (mva_id bigint generated by default as identity, mva_date timestamp(6), visit_type varchar(255), user_id bigint, primary key (mva_id))
Hibernate: create table medical_visit_appointments (mva_id bigint generated by default as identity, mva_date timestamp(6), visit_type varchar(255), user_id bigint, primary key (mva_id))
2024-06-05T22:40:51.398+01:00 DEBUG 15256 --- [           main] org.hibernate.SQL                        : create table medicaments (medicament_id bigint not null, brand_name varchar(255), code varchar(255), dosage float4, form varchar(255), ntid bigint, num_cans bigint, primary key (medicament_id))
Hibernate: create table medicaments (medicament_id bigint not null, brand_name varchar(255), code varchar(255), dosage float4, form varchar(255), ntid bigint, num_cans bigint, primary key (medicament_id))
2024-06-05T22:40:51.627+01:00 DEBUG 15256 --- [           main] org.hibernate.SQL                        : create table medicaments_medical_file (medicament_id bigint not null, mf_id bigint not null)
Hibernate: create table medicaments_medical_file (medicament_id bigint not null, mf_id bigint not null)
2024-06-05T22:40:51.831+01:00 DEBUG 15256 --- [           main] org.hibernate.SQL                        : create table profiles (profile_id bigint not null, label varchar(255), role varchar(255), primary key (profile_id))
Hibernate: create table profiles (profile_id bigint not null, label varchar(255), role varchar(255), primary key (profile_id))
2024-06-05T22:40:52.068+01:00 DEBUG 15256 --- [           main] org.hibernate.SQL                        : create table security_profiles_users (profile_id bigint not null, user_id bigint not null)
Hibernate: create table security_profiles_users (profile_id bigint not null, user_id bigint not null)
2024-06-05T22:40:52.274+01:00 DEBUG 15256 --- [           main] org.hibernate.SQL                        : create table security_users (user_security_id bigint not null, email varchar(255), password varchar(255), primary key (user_security_id))
Hibernate: create table security_users (user_security_id bigint not null, email varchar(255), password varchar(255), primary key (user_security_id))
2024-06-05T22:40:52.486+01:00 DEBUG 15256 --- [           main] org.hibernate.SQL                        : create table users (user_id bigint generated by default as identity, address varchar(255), birth_date timestamp(6), email varchar(255), first_name varchar(255), last_name varchar(255), password varchar(255), phone_number varchar(255), position_held varchar(255), sex varchar(255) check (sex in ('Male','Female')), speciality varchar(255), user_name varchar(255), clinic_id integer, primary key (user_id))
Hibernate: create table users (user_id bigint generated by default as identity, address varchar(255), birth_date timestamp(6), email varchar(255), first_name varchar(255), last_name varchar(255), password varchar(255), phone_number varchar(255), position_held varchar(255), sex varchar(255) check (sex in ('Male','Female')), speciality varchar(255), user_name varchar(255), clinic_id integer, primary key (user_id))
2024-06-05T22:40:52.698+01:00 DEBUG 15256 --- [           main] org.hibernate.SQL                        : create table users_profiles (profile_id bigint not null, user_id bigint not null)
Hibernate: create table users_profiles (profile_id bigint not null, user_id bigint not null)
2024-06-05T22:40:52.904+01:00 DEBUG 15256 --- [           main] org.hibernate.SQL                        : alter table if exists medical_directories drop constraint if exists UK8qu1nx2cltx4jyoeuspbhwnhf
Hibernate: alter table if exists medical_directories drop constraint if exists UK8qu1nx2cltx4jyoeuspbhwnhf
2024-06-05T22:40:53.112+01:00  WARN 15256 --- [           main] o.h.engine.jdbc.spi.SqlExceptionHelper   : SQL Warning Code: 0, SQLState: 00000
2024-06-05T22:40:53.113+01:00  WARN 15256 --- [           main] o.h.engine.jdbc.spi.SqlExceptionHelper   : constraint "uk8qu1nx2cltx4jyoeuspbhwnhf" of relation "medical_directories" does not exist, skipping
2024-06-05T22:40:53.114+01:00 DEBUG 15256 --- [           main] org.hibernate.SQL                        : alter table if exists medical_directories add constraint UK8qu1nx2cltx4jyoeuspbhwnhf unique (user_id)
Hibernate: alter table if exists medical_directories add constraint UK8qu1nx2cltx4jyoeuspbhwnhf unique (user_id)
2024-06-05T22:40:53.335+01:00 DEBUG 15256 --- [           main] org.hibernate.SQL                        : create sequence clinics_seq start with 1 increment by 50
Hibernate: create sequence clinics_seq start with 1 increment by 50
2024-06-05T22:40:53.541+01:00 DEBUG 15256 --- [           main] org.hibernate.SQL                        : create sequence security_users_seq start with 1 increment by 50
Hibernate: create sequence security_users_seq start with 1 increment by 50
2024-06-05T22:40:53.757+01:00 DEBUG 15256 --- [           main] org.hibernate.SQL                        : alter table if exists clinics_companies add constraint FKt27060bsdbj1b7mu192bbp1to foreign key (company_id) references companies
Hibernate: alter table if exists clinics_companies add constraint FKt27060bsdbj1b7mu192bbp1to foreign key (company_id) references companies
2024-06-05T22:40:53.962+01:00 DEBUG 15256 --- [           main] org.hibernate.SQL                        : alter table if exists clinics_companies add constraint FKqvv3dh09k56occcbvhuerol1a foreign key (clinic_id) references clinics
Hibernate: alter table if exists clinics_companies add constraint FKqvv3dh09k56occcbvhuerol1a foreign key (clinic_id) references clinics
2024-06-05T22:40:54.165+01:00 DEBUG 15256 --- [           main] org.hibernate.SQL                        : alter table if exists clinics_profiles add constraint FKdv0289j4fomc1c4jxujefgrbg foreign key (user_id) references clinics
Hibernate: alter table if exists clinics_profiles add constraint FKdv0289j4fomc1c4jxujefgrbg foreign key (user_id) references clinics
2024-06-05T22:40:54.401+01:00 DEBUG 15256 --- [           main] org.hibernate.SQL                        : alter table if exists clinics_profiles add constraint FKmssp9oaldh4hhsduhll68pxbp foreign key (profile_id) references profiles
Hibernate: alter table if exists clinics_profiles add constraint FKmssp9oaldh4hhsduhll68pxbp foreign key (profile_id) references profiles
2024-06-05T22:40:54.605+01:00 DEBUG 15256 --- [           main] org.hibernate.SQL                        : alter table if exists medical_directories add constraint FKpxt6h2egy9wi0yo0wcdo73q8k foreign key (user_id) references users
Hibernate: alter table if exists medical_directories add constraint FKpxt6h2egy9wi0yo0wcdo73q8k foreign key (user_id) references users
2024-06-05T22:40:54.811+01:00 DEBUG 15256 --- [           main] org.hibernate.SQL                        : alter table if exists medical_files add constraint FK9ygf6ent38yfyyisykm6mg5hh foreign key (user_id) references users
Hibernate: alter table if exists medical_files add constraint FK9ygf6ent38yfyyisykm6mg5hh foreign key (user_id) references users
2024-06-05T22:40:55.015+01:00 DEBUG 15256 --- [           main] org.hibernate.SQL                        : alter table if exists medical_visit_appointments add constraint FKljs2rc4ab6xvylny5j7l8pvwh foreign key (user_id) references users
Hibernate: alter table if exists medical_visit_appointments add constraint FKljs2rc4ab6xvylny5j7l8pvwh foreign key (user_id) references users
2024-06-05T22:40:55.225+01:00 DEBUG 15256 --- [           main] org.hibernate.SQL                        : alter table if exists medicaments_medical_file add constraint FKabmf6uhi2l645oud0j9job0gp foreign key (mf_id) references medical_files
Hibernate: alter table if exists medicaments_medical_file add constraint FKabmf6uhi2l645oud0j9job0gp foreign key (mf_id) references medical_files
2024-06-05T22:40:55.433+01:00 DEBUG 15256 --- [           main] org.hibernate.SQL                        : alter table if exists medicaments_medical_file add constraint FK9kamwthhnfidvm5tti523aiy9 foreign key (medicament_id) references medicaments
Hibernate: alter table if exists medicaments_medical_file add constraint FK9kamwthhnfidvm5tti523aiy9 foreign key (medicament_id) references medicaments
2024-06-05T22:40:55.638+01:00 DEBUG 15256 --- [           main] org.hibernate.SQL                        : alter table if exists security_profiles_users add constraint FK91olot2ygmdaykjm6a7n6vpsp foreign key (user_id) references security_users
Hibernate: alter table if exists security_profiles_users add constraint FK91olot2ygmdaykjm6a7n6vpsp foreign key (user_id) references security_users
2024-06-05T22:40:55.844+01:00 DEBUG 15256 --- [           main] org.hibernate.SQL                        : alter table if exists security_profiles_users add constraint FK8fh72xt8xvwur06etrgh4d3y8 foreign key (profile_id) references profiles
Hibernate: alter table if exists security_profiles_users add constraint FK8fh72xt8xvwur06etrgh4d3y8 foreign key (profile_id) references profiles
2024-06-05T22:40:56.052+01:00 DEBUG 15256 --- [           main] org.hibernate.SQL                        : alter table if exists users add constraint FKdtr2ppiyhryd53ovem6c4ehp1 foreign key (clinic_id) references clinics
Hibernate: alter table if exists users add constraint FKdtr2ppiyhryd53ovem6c4ehp1 foreign key (clinic_id) references clinics
2024-06-05T22:40:56.255+01:00 DEBUG 15256 --- [           main] org.hibernate.SQL                        : alter table if exists users_profiles add constraint FKgmc2q50iqwetlbaqcchgvks8t foreign key (user_id) references users
Hibernate: alter table if exists users_profiles add constraint FKgmc2q50iqwetlbaqcchgvks8t foreign key (user_id) references users
2024-06-05T22:40:56.479+01:00 DEBUG 15256 --- [           main] org.hibernate.SQL                        : alter table if exists users_profiles add constraint FK7hgiiwqpes5oygept99abmoa9 foreign key (profile_id) references profiles
Hibernate: alter table if exists users_profiles add constraint FK7hgiiwqpes5oygept99abmoa9 foreign key (profile_id) references profiles
2024-06-05T22:40:56.684+01:00  INFO 15256 --- [           main] j.LocalContainerEntityManagerFactoryBean : Initialized JPA EntityManagerFactory for persistence unit 'default'
2024-06-05T22:40:57.196+01:00  INFO 15256 --- [           main] o.s.d.j.r.query.QueryEnhancerFactory     : Hibernate is in classpath; If applicable, HQL parser will be used.
2024-06-05T22:40:58.050+01:00  WARN 15256 --- [           main] JpaBaseConfiguration$JpaWebConfiguration : spring.jpa.open-in-view is enabled by default. Therefore, database queries may be performed during view rendering. Explicitly configure spring.jpa.open-in-view to disable this warning
2024-06-05T22:40:58.097+01:00  INFO 15256 --- [           main] eAuthenticationProviderManagerConfigurer : Global AuthenticationManager configured with AuthenticationProvider bean with name customAuthenticationProvider
2024-06-05T22:40:58.098+01:00  WARN 15256 --- [           main] r$InitializeUserDetailsManagerConfigurer : Global AuthenticationManager configured with an AuthenticationProvider bean. UserDetailsService beans will not be used for username/password login. Consider removing the AuthenticationProvider bean. Alternatively, consider using the UserDetailsService in a manually instantiated DaoAuthenticationProvider.
2024-06-05T22:40:58.760+01:00  INFO 15256 --- [           main] o.s.s.web.DefaultSecurityFilterChain     : Will secure any request with [org.springframework.security.web.session.DisableEncodeUrlFilter@474a63d9, org.springframework.security.web.context.request.async.WebAsyncManagerIntegrationFilter@1b8d0c21, org.springframework.security.web.context.SecurityContextHolderFilter@34d776eb, org.springframework.security.web.header.HeaderWriterFilter@49e3b86b, org.springframework.security.web.authentication.logout.LogoutFilter@7f9083b4, org.springframework.security.web.savedrequest.RequestCacheAwareFilter@17734113, org.springframework.security.web.servletapi.SecurityContextHolderAwareRequestFilter@307ca947, org.springframework.security.web.authentication.AnonymousAuthenticationFilter@54a04eae, org.springframework.security.web.access.ExceptionTranslationFilter@674cd2da, org.springframework.security.web.access.intercept.AuthorizationFilter@383c94ed]
2024-06-05T22:40:59.247+01:00  INFO 15256 --- [           main] o.e.c.ClinicCare1ApplicationTests        : Started ClinicCare1ApplicationTests in 20.692 seconds (process running for 21.855)
]]></system-out>
  </testcase>
</testsuite>