<?xml version="1.0" encoding="UTF-8"?>
<testsuite xmlns:xsi="http://www.w3.org/2001/XMLSchema-instance" xsi:noNamespaceSchemaLocation="https://maven.apache.org/surefire/maven-surefire-plugin/xsd/surefire-test-report-3.0.xsd" version="3.0" name="org.example.cliniccare1.ClinicCare1ApplicationTests" time="9.36" tests="1" errors="0" skipped="0" failures="0">
  <properties>
[...]
</properties>
  <testcase name="contextLoads" classname="org.example.cliniccare1.ClinicCare1ApplicationTests" time="0.6">
    <system-out><![CDATA[18:54:56.758 [main] INFO org.springframework.test.context.support.AnnotationConfigContextLoaderUtils -- Could not detect default configuration classes for test class [org.example.cliniccare1.ClinicCare1ApplicationTests]: ClinicCare1ApplicationTests does not declare any static, non-private, non-final, nested classes annotated with @Configuration.
18:54:56.883 [main] INFO org.springframework.boot.test.context.SpringBootTestContextBootstrapper -- Found @SpringBootConfiguration org.example.cliniccare1.ClinicCare1Application for test class org.example.cliniccare1.ClinicCare1ApplicationTests
  .   ____          _            __ _ _
 /\\ / ___'_ __ _ _(_)_ __  __ _ \ \ \ \
( ( )\___ | '_ | '_| | '_ \/ _` | \ \ \ \
 \\/  ___)| |_)| | | | | || (_| |  ) ) ) )
  '  |____| .__|_| |_|_| |_\__, | / / / /
 =========|_|==============|___/=/_/_/_/

 :: Spring Boot ::                (v3.3.0)

2024-06-05T18:54:57.556+01:00  INFO 2204 --- [           main] o.e.c.ClinicCare1ApplicationTests        : Starting ClinicCare1ApplicationTests using Java 17.0.10 with PID 2204 (started by MiT in D:\3ls\Memoire\ClinicCare1)
2024-06-05T18:54:57.560+01:00  INFO 2204 --- [           main] o.e.c.ClinicCare1ApplicationTests        : No active profile set, falling back to 1 default profile: "default"
2024-06-05T18:54:59.042+01:00  INFO 2204 --- [           main] .s.d.r.c.RepositoryConfigurationDelegate : Bootstrapping Spring Data JPA repositories in DEFAULT mode.
2024-06-05T18:54:59.179+01:00  INFO 2204 --- [           main] .s.d.r.c.RepositoryConfigurationDelegate : Finished Spring Data repository scanning in 122 ms. Found 9 JPA repository interfaces.
2024-06-05T18:54:59.879+01:00  INFO 2204 --- [           main] o.hibernate.jpa.internal.util.LogHelper  : HHH000204: Processing PersistenceUnitInfo [name: default]
2024-06-05T18:54:59.989+01:00  INFO 2204 --- [           main] org.hibernate.Version                    : HHH000412: Hibernate ORM core version 6.5.2.Final
2024-06-05T18:55:00.071+01:00  INFO 2204 --- [           main] o.h.c.internal.RegionFactoryInitiator    : HHH000026: Second-level cache disabled
2024-06-05T18:55:00.596+01:00  INFO 2204 --- [           main] o.s.o.j.p.SpringPersistenceUnitInfo      : No LoadTimeWeaver setup: ignoring JPA class transformer
2024-06-05T18:55:00.646+01:00  INFO 2204 --- [           main] com.zaxxer.hikari.HikariDataSource       : HikariPool-1 - Starting...
2024-06-05T18:55:00.890+01:00  INFO 2204 --- [           main] com.zaxxer.hikari.pool.HikariPool        : HikariPool-1 - Added connection org.postgresql.jdbc.PgConnection@10166230
2024-06-05T18:55:00.893+01:00  INFO 2204 --- [           main] com.zaxxer.hikari.HikariDataSource       : HikariPool-1 - Start completed.
2024-06-05T18:55:00.942+01:00  WARN 2204 --- [           main] org.hibernate.orm.deprecation            : HHH90000025: PostgreSQLDialect does not need to be specified explicitly using 'hibernate.dialect' (remove the property setting and it will be selected by default)
2024-06-05T18:55:02.767+01:00  INFO 2204 --- [           main] o.h.e.t.j.p.i.JtaPlatformInitiator       : HHH000489: No JTA platform available (set 'hibernate.transaction.jta.platform' to enable JTA platform integration)
2024-06-05T18:55:02.954+01:00  INFO 2204 --- [           main] j.LocalContainerEntityManagerFactoryBean : Initialized JPA EntityManagerFactory for persistence unit 'default'
2024-06-05T18:55:03.450+01:00  INFO 2204 --- [           main] o.s.d.j.r.query.QueryEnhancerFactory     : Hibernate is in classpath; If applicable, HQL parser will be used.
2024-06-05T18:55:04.188+01:00  WARN 2204 --- [           main] JpaBaseConfiguration$JpaWebConfiguration : spring.jpa.open-in-view is enabled by default. Therefore, database queries may be performed during view rendering. Explicitly configure spring.jpa.open-in-view to disable this warning
2024-06-05T18:55:04.225+01:00  INFO 2204 --- [           main] eAuthenticationProviderManagerConfigurer : Global AuthenticationManager configured with AuthenticationProvider bean with name customAuthenticationProvider
2024-06-05T18:55:04.226+01:00  WARN 2204 --- [           main] r$InitializeUserDetailsManagerConfigurer : Global AuthenticationManager configured with an AuthenticationProvider bean. UserDetailsService beans will not be used for username/password login. Consider removing the AuthenticationProvider bean. Alternatively, consider using the UserDetailsService in a manually instantiated DaoAuthenticationProvider.
2024-06-05T18:55:04.776+01:00  INFO 2204 --- [           main] o.s.s.web.DefaultSecurityFilterChain     : Will secure any request with [org.springframework.security.web.session.DisableEncodeUrlFilter@4a544672, org.springframework.security.web.context.request.async.WebAsyncManagerIntegrationFilter@23d16a81, org.springframework.security.web.context.SecurityContextHolderFilter@26204f8f, org.springframework.security.web.header.HeaderWriterFilter@10744fff, org.springframework.security.web.authentication.logout.LogoutFilter@255eadf5, org.springframework.security.web.savedrequest.RequestCacheAwareFilter@268215b3, org.springframework.security.web.servletapi.SecurityContextHolderAwareRequestFilter@1be49e00, org.springframework.security.web.authentication.AnonymousAuthenticationFilter@5dd3841, org.springframework.security.web.access.ExceptionTranslationFilter@36cd58e7, org.springframework.security.web.access.intercept.AuthorizationFilter@53a74970]
2024-06-05T18:55:05.287+01:00  INFO 2204 --- [           main] o.e.c.ClinicCare1ApplicationTests        : Started ClinicCare1ApplicationTests in 8.179 seconds (process running for 9.442)
]]></system-out>
  </testcase>
</testsuite>